0 info it worked if it ends with ok
1 verbose cli [ 'C:\\Program Files\\nodejs\\node.exe',
1 verbose cli   'C:\\Program Files\\nodejs\\node_modules\\npm\\bin\\npm-cli.js',
1 verbose cli   'install',
1 verbose cli   'clarifai.rest' ]
2 info using npm@2.14.4
3 info using node@v4.1.1
4 verbose install initial load of C:\Users\Michelle\Desktop\GitHub\package.json
5 verbose installManyTop reading scoped package data from C:\Users\Michelle\Desktop\GitHub\node_modules\sqlite3\package.json
6 verbose readDependencies loading dependencies from C:\Users\Michelle\Desktop\GitHub\package.json
7 silly cache add args [ 'clarifai.rest', null ]
8 verbose cache add spec clarifai.rest
9 silly cache add parsed spec Result {
9 silly cache add   raw: 'clarifai.rest',
9 silly cache add   scope: null,
9 silly cache add   name: 'clarifai.rest',
9 silly cache add   rawSpec: '',
9 silly cache add   spec: '*',
9 silly cache add   type: 'range' }
10 silly addNamed clarifai.rest@*
11 verbose addNamed "*" is a valid semver range for clarifai.rest
12 silly addNameRange { name: 'clarifai.rest', range: '*', hasData: false }
13 silly mapToRegistry name clarifai.rest
14 silly mapToRegistry using default registry
15 silly mapToRegistry registry https://registry.npmjs.org/grunt-cl
16 silly mapToRegistry uri https://registry.npmjs.org/grunt-cl/clarifai.rest
17 verbose addNameRange registry:https://registry.npmjs.org/grunt-cl/clarifai.rest not in flight; fetching
18 verbose request uri https://registry.npmjs.org/grunt-cl/clarifai.rest
19 verbose request no auth needed
20 info attempt registry request try #1 at 4:08:45 PM
21 verbose request id 90178743b843e44c
22 http request GET https://registry.npmjs.org/grunt-cl/clarifai.rest
23 http 404 https://registry.npmjs.org/grunt-cl/clarifai.rest
24 verbose headers { 'content-type': 'application/json',
24 verbose headers   'cache-control': 'max-age=0',
24 verbose headers   'content-length': '2',
24 verbose headers   'accept-ranges': 'bytes',
24 verbose headers   date: 'Sat, 22 Apr 2017 20:08:45 GMT',
24 verbose headers   via: '1.1 varnish',
24 verbose headers   age: '0',
24 verbose headers   connection: 'keep-alive',
24 verbose headers   'x-served-by': 'cache-jfk8146-JFK',
24 verbose headers   'x-cache': 'MISS',
24 verbose headers   'x-cache-hits': '0',
24 verbose headers   'x-timer': 'S1492891726.549288,VS0,VE86',
24 verbose headers   vary: 'Accept-Encoding' }
25 silly get cb [ 404,
25 silly get   { 'content-type': 'application/json',
25 silly get     'cache-control': 'max-age=0',
25 silly get     'content-length': '2',
25 silly get     'accept-ranges': 'bytes',
25 silly get     date: 'Sat, 22 Apr 2017 20:08:45 GMT',
25 silly get     via: '1.1 varnish',
25 silly get     age: '0',
25 silly get     connection: 'keep-alive',
25 silly get     'x-served-by': 'cache-jfk8146-JFK',
25 silly get     'x-cache': 'MISS',
25 silly get     'x-cache-hits': '0',
25 silly get     'x-timer': 'S1492891726.549288,VS0,VE86',
25 silly get     vary: 'Accept-Encoding' } ]
26 verbose stack Error: Registry returned 404 for GET on https://registry.npmjs.org/grunt-cl/clarifai.rest
26 verbose stack     at makeError (C:\Program Files\nodejs\node_modules\npm\node_modules\npm-registry-client\lib\request.js:263:12)
26 verbose stack     at CachingRegistryClient.<anonymous> (C:\Program Files\nodejs\node_modules\npm\node_modules\npm-registry-client\lib\request.js:241:14)
26 verbose stack     at Request._callback (C:\Program Files\nodejs\node_modules\npm\node_modules\npm-registry-client\lib\request.js:171:14)
26 verbose stack     at Request.self.callback (C:\Program Files\nodejs\node_modules\npm\node_modules\request\request.js:198:22)
26 verbose stack     at emitTwo (events.js:87:13)
26 verbose stack     at Request.emit (events.js:172:7)
26 verbose stack     at Request.<anonymous> (C:\Program Files\nodejs\node_modules\npm\node_modules\request\request.js:1073:14)
26 verbose stack     at emitOne (events.js:82:20)
26 verbose stack     at Request.emit (events.js:169:7)
26 verbose stack     at IncomingMessage.<anonymous> (C:\Program Files\nodejs\node_modules\npm\node_modules\request\request.js:1019:12)
27 verbose statusCode 404
28 verbose pkgid clarifai.rest
29 verbose cwd C:\Users\Michelle\Desktop\GitHub\flawless-hacks-s2017\app
30 error Windows_NT 10.0.14393
31 error argv "C:\\Program Files\\nodejs\\node.exe" "C:\\Program Files\\nodejs\\node_modules\\npm\\bin\\npm-cli.js" "install" "clarifai.rest"
32 error node v4.1.1
33 error npm  v2.14.4
34 error code E404
35 error 404 Registry returned 404 for GET on https://registry.npmjs.org/grunt-cl/clarifai.rest
35 error 404
35 error 404 'clarifai.rest' is not in the npm registry.
35 error 404 You should bug the author to publish it (or use the name yourself!)
35 error 404
35 error 404 Note that you can also install from a
35 error 404 tarball, folder, http url, or git url.
36 verbose exit [ 1, true ]
